{
  "numFailedTestSuites": 1,
  "numFailedTests": 2,
  "numPassedTestSuites": 11,
  "numPassedTests": 55,
  "numPendingTestSuites": 0,
  "numPendingTests": 0,
  "numRuntimeErrorTestSuites": 0,
  "numTodoTests": 2,
  "numTotalTestSuites": 12,
  "numTotalTests": 59,
  "openHandles": [],
  "snapshot": {
    "added": 0,
    "didUpdate": false,
    "failure": false,
    "filesAdded": 0,
    "filesRemoved": 0,
    "filesRemovedList": [],
    "filesUnmatched": 0,
    "filesUpdated": 0,
    "matched": 10,
    "total": 10,
    "unchecked": 0,
    "uncheckedKeysByFile": [],
    "unmatched": 0,
    "updated": 0
  },
  "startTime": 1577132831187,
  "success": false,
  "testResults": [
    {
      "failureMessage": null,
      "numFailingTests": 0,
      "numPassingTests": 4,
      "numPendingTests": 0,
      "numTodoTests": 0,
      "perfStats": {
        "end": 1577132835053,
        "start": 1577132831887
      },
      "snapshot": {
        "added": 0,
        "fileDeleted": false,
        "matched": 0,
        "unchecked": 0,
        "unmatched": 0,
        "updated": 0,
        "uncheckedKeys": []
      },
      "testFilePath": "/Users/nkalman/kibibit-new/achievibit/src/modules/users/users.controller.spec.ts",
      "testResults": [
        {
          "ancestorTitles": [
            "Users Controller"
          ],
          "duration": 34,
          "failureMessages": [],
          "fullName": "Users Controller should be defined",
          "location": {
            "column": 2,
            "line": 24
          },
          "numPassingAsserts": 0,
          "status": "passed",
          "title": "should be defined"
        },
        {
          "ancestorTitles": [
            "Users Controller"
          ],
          "duration": 10,
          "failureMessages": [],
          "fullName": "Users Controller should call service on get all users",
          "location": {
            "column": 2,
            "line": 28
          },
          "numPassingAsserts": 0,
          "status": "passed",
          "title": "should call service on get all users"
        },
        {
          "ancestorTitles": [
            "Users Controller"
          ],
          "duration": 7,
          "failureMessages": [],
          "fullName": "Users Controller should call service on get user",
          "location": {
            "column": 2,
            "line": 41
          },
          "numPassingAsserts": 0,
          "status": "passed",
          "title": "should call service on get user"
        },
        {
          "ancestorTitles": [
            "Users Controller"
          ],
          "duration": 9,
          "failureMessages": [],
          "fullName": "Users Controller should render user HTML page",
          "location": {
            "column": 2,
            "line": 52
          },
          "numPassingAsserts": 0,
          "status": "passed",
          "title": "should render user HTML page"
        }
      ],
      "skipped": false,
      "leaks": false
    },
    {
      "failureMessage": "  ● UsersService › should be able to create and get a user\n\n    expect(received).toBeTruthy()\n\n    Received: false\n\n      42 |     const foundUser = await service.findOne(user.username);\n      43 | \n    > 44 |     expect(isEqual(foundUser, createdUser)).toBeTruthy();\n         |                                             ^\n      45 |   });\n      46 | \n      47 |   it('should be able to get all users', async () => {\n\n      at Object.it (src/modules/users/users.service.spec.ts:44:45)\n\n  ● UsersService › should be able to get all users\n\n    expect(received).toContainEqual(expected) // deep equality\n\n    Expected value: {\"__v\": 0, \"_id\": \"668bb7cdef7dec345c68fba1\", \"achievements\": [], \"avatar\": \"http://nig.co.uk/hiin\", \"organization\": false, \"repos\": [\"African Wild Dog\", \"Venus Flytrap Sea Anemone\", \"Ring-tailed Lemur\"], \"url\": \"http://geweg.sv/woavuad\", \"username\": \"Estella Thornton\", \"users\": []}\n    Received array: [{\"__v\": 0, \"_id\": \"569b9b14e89a47b267f7dbfc\", \"achievements\": [], \"avatar\": \"http://ridvaz.aw/urves\", \"organization\": false, \"repos\": [], \"url\": \"http://do.ao/guhuvak\", \"username\": \"Ian Alvarez\", \"users\": []}, {\"__v\": 0, \"_id\": \"668bb7cdef7dec345c68fba1\", \"achievements\": [], \"avatar\": \"http://nig.co.uk/hiin\", \"organization\": false, \"repos\": [\"African Wild Dog\", \"Venus Flytrap Sea Anemone\", \"Ring-tailed Lemur\"], \"url\": \"http://geweg.sv/woavuad\", \"username\": \"Estella Thornton\", \"users\": []}]\n\n      54 |     const foundUsers = await service.findAll();\n      55 | \n    > 56 |     expect(foundUsers).toContainEqual(createdUser1);\n         |                        ^\n      57 |     expect(foundUsers).toContainEqual(createdUser2);\n      58 |     expect(foundUsers.length).toBeGreaterThanOrEqual(2);\n      59 |   });\n\n      at Object.it (src/modules/users/users.service.spec.ts:56:24)\n",
      "numFailingTests": 2,
      "numPassingTests": 1,
      "numPendingTests": 0,
      "numTodoTests": 0,
      "perfStats": {
        "end": 1577132836005,
        "start": 1577132832333
      },
      "snapshot": {
        "added": 0,
        "fileDeleted": false,
        "matched": 0,
        "unchecked": 0,
        "unmatched": 0,
        "updated": 0,
        "uncheckedKeys": []
      },
      "testFilePath": "/Users/nkalman/kibibit-new/achievibit/src/modules/users/users.service.spec.ts",
      "testResults": [
        {
          "ancestorTitles": [
            "UsersService"
          ],
          "duration": 221,
          "failureMessages": [],
          "fullName": "UsersService should be defined",
          "location": {
            "column": 2,
            "line": 33
          },
          "numPassingAsserts": 0,
          "status": "passed",
          "title": "should be defined"
        },
        {
          "ancestorTitles": [
            "UsersService"
          ],
          "duration": 170,
          "failureMessages": [
            "Error: expect(received).toBeTruthy()\n\nReceived: false\n    at Object.it (/Users/nkalman/kibibit-new/achievibit/src/modules/users/users.service.spec.ts:44:45)\n    at process._tickCallback (internal/process/next_tick.js:68:7)"
          ],
          "fullName": "UsersService should be able to create and get a user",
          "location": {
            "column": 2,
            "line": 37
          },
          "numPassingAsserts": 0,
          "status": "failed",
          "title": "should be able to create and get a user"
        },
        {
          "ancestorTitles": [
            "UsersService"
          ],
          "duration": 150,
          "failureMessages": [
            "Error: expect(received).toContainEqual(expected) // deep equality\n\nExpected value: {\"__v\": 0, \"_id\": \"668bb7cdef7dec345c68fba1\", \"achievements\": [], \"avatar\": \"http://nig.co.uk/hiin\", \"organization\": false, \"repos\": [\"African Wild Dog\", \"Venus Flytrap Sea Anemone\", \"Ring-tailed Lemur\"], \"url\": \"http://geweg.sv/woavuad\", \"username\": \"Estella Thornton\", \"users\": []}\nReceived array: [{\"__v\": 0, \"_id\": \"569b9b14e89a47b267f7dbfc\", \"achievements\": [], \"avatar\": \"http://ridvaz.aw/urves\", \"organization\": false, \"repos\": [], \"url\": \"http://do.ao/guhuvak\", \"username\": \"Ian Alvarez\", \"users\": []}, {\"__v\": 0, \"_id\": \"668bb7cdef7dec345c68fba1\", \"achievements\": [], \"avatar\": \"http://nig.co.uk/hiin\", \"organization\": false, \"repos\": [\"African Wild Dog\", \"Venus Flytrap Sea Anemone\", \"Ring-tailed Lemur\"], \"url\": \"http://geweg.sv/woavuad\", \"username\": \"Estella Thornton\", \"users\": []}]\n    at Object.it (/Users/nkalman/kibibit-new/achievibit/src/modules/users/users.service.spec.ts:56:24)\n    at process._tickCallback (internal/process/next_tick.js:68:7)"
          ],
          "fullName": "UsersService should be able to get all users",
          "location": {
            "column": 2,
            "line": 47
          },
          "numPassingAsserts": 0,
          "status": "failed",
          "title": "should be able to get all users"
        }
      ],
      "skipped": false,
      "leaks": false
    },
    {
      "failureMessage": null,
      "numFailingTests": 0,
      "numPassingTests": 2,
      "numPendingTests": 0,
      "numTodoTests": 0,
      "perfStats": {
        "end": 1577132836380,
        "start": 1577132835084
      },
      "snapshot": {
        "added": 0,
        "fileDeleted": false,
        "matched": 0,
        "unchecked": 0,
        "unmatched": 0,
        "updated": 0,
        "uncheckedKeys": []
      },
      "testFilePath": "/Users/nkalman/kibibit-new/achievibit/src/modules/shields/shields.controller.spec.ts",
      "testResults": [
        {
          "ancestorTitles": [
            "Shields Controller"
          ],
          "duration": 14,
          "failureMessages": [],
          "fullName": "Shields Controller should be defined",
          "location": {
            "column": 2,
            "line": 28
          },
          "numPassingAsserts": 0,
          "status": "passed",
          "title": "should be defined"
        },
        {
          "ancestorTitles": [
            "Shields Controller"
          ],
          "duration": 5,
          "failureMessages": [],
          "fullName": "Shields Controller should return the created svg shield",
          "location": {
            "column": 2,
            "line": 32
          },
          "numPassingAsserts": 0,
          "status": "passed",
          "title": "should return the created svg shield"
        }
      ],
      "skipped": false,
      "leaks": false
    },
    {
      "failureMessage": null,
      "numFailingTests": 0,
      "numPassingTests": 19,
      "numPendingTests": 0,
      "numTodoTests": 1,
      "perfStats": {
        "end": 1577132837161,
        "start": 1577132836029
      },
      "snapshot": {
        "added": 0,
        "fileDeleted": false,
        "matched": 8,
        "unchecked": 0,
        "unmatched": 0,
        "updated": 0,
        "uncheckedKeys": []
      },
      "testFilePath": "/Users/nkalman/kibibit-new/achievibit/src/config/config.service.spec.ts",
      "testResults": [
        {
          "ancestorTitles": [
            "ConfigService",
            "Forced Singleton and baypass"
          ],
          "duration": 109,
          "failureMessages": [],
          "fullName": "ConfigService Forced Singleton and baypass should be defined",
          "location": {
            "column": 4,
            "line": 26
          },
          "numPassingAsserts": 0,
          "status": "passed",
          "title": "should be defined"
        },
        {
          "ancestorTitles": [
            "ConfigService",
            "Forced Singleton and baypass"
          ],
          "duration": 2,
          "failureMessages": [],
          "fullName": "ConfigService Forced Singleton and baypass should return the same instance if initiated without an input",
          "location": {
            "column": 4,
            "line": 32
          },
          "numPassingAsserts": 0,
          "status": "passed",
          "title": "should return the same instance if initiated without an input"
        },
        {
          "ancestorTitles": [
            "ConfigService",
            "Forced Singleton and baypass"
          ],
          "duration": 1,
          "failureMessages": [],
          "fullName": "ConfigService Forced Singleton and baypass should create a new instance when passed an override",
          "location": {
            "column": 4,
            "line": 38
          },
          "numPassingAsserts": 0,
          "status": "passed",
          "title": "should create a new instance when passed an override"
        },
        {
          "ancestorTitles": [
            "ConfigService",
            "Forced Singleton and baypass"
          ],
          "duration": 2,
          "failureMessages": [],
          "fullName": "ConfigService Forced Singleton and baypass should set default values to everything that needs one",
          "location": {
            "column": 4,
            "line": 44
          },
          "numPassingAsserts": 0,
          "status": "passed",
          "title": "should set default values to everything that needs one"
        },
        {
          "ancestorTitles": [
            "ConfigService",
            "Smee & Events"
          ],
          "duration": 2,
          "failureMessages": [],
          "fullName": "ConfigService Smee & Events should NOT initial smee and events on production",
          "location": {
            "column": 4,
            "line": 52
          },
          "numPassingAsserts": 0,
          "status": "passed",
          "title": "should NOT initial smee and events on production"
        },
        {
          "ancestorTitles": [
            "ConfigService",
            "Smee & Events"
          ],
          "duration": 8,
          "failureMessages": [],
          "fullName": "ConfigService Smee & Events should initial smee and events on development",
          "location": {
            "column": 4,
            "line": 65
          },
          "numPassingAsserts": 0,
          "status": "passed",
          "title": "should initial smee and events on development"
        },
        {
          "ancestorTitles": [
            "ConfigService",
            "Saving configuration"
          ],
          "duration": 0,
          "failureMessages": [],
          "fullName": "ConfigService Saving configuration should allow user to save configuration to file",
          "location": null,
          "numPassingAsserts": 0,
          "status": "todo",
          "title": "should allow user to save configuration to file"
        },
        {
          "ancestorTitles": [
            "ConfigService",
            "Validations",
            "nodeEnv"
          ],
          "duration": 2,
          "failureMessages": [],
          "fullName": "ConfigService Validations nodeEnv should ACCEPT development",
          "location": {
            "column": 10,
            "line": 88
          },
          "numPassingAsserts": 0,
          "status": "passed",
          "title": "should ACCEPT development"
        },
        {
          "ancestorTitles": [
            "ConfigService",
            "Validations",
            "nodeEnv"
          ],
          "duration": 1,
          "failureMessages": [],
          "fullName": "ConfigService Validations nodeEnv should ACCEPT production",
          "location": {
            "column": 10,
            "line": 88
          },
          "numPassingAsserts": 0,
          "status": "passed",
          "title": "should ACCEPT production"
        },
        {
          "ancestorTitles": [
            "ConfigService",
            "Validations",
            "nodeEnv"
          ],
          "duration": 2,
          "failureMessages": [],
          "fullName": "ConfigService Validations nodeEnv should ACCEPT test",
          "location": {
            "column": 10,
            "line": 88
          },
          "numPassingAsserts": 0,
          "status": "passed",
          "title": "should ACCEPT test"
        },
        {
          "ancestorTitles": [
            "ConfigService",
            "Validations",
            "nodeEnv"
          ],
          "duration": 14,
          "failureMessages": [],
          "fullName": "ConfigService Validations nodeEnv should REJECT other values",
          "location": {
            "column": 6,
            "line": 100
          },
          "numPassingAsserts": 0,
          "status": "passed",
          "title": "should REJECT other values"
        },
        {
          "ancestorTitles": [
            "ConfigService",
            "Validations",
            "port"
          ],
          "duration": 2,
          "failureMessages": [],
          "fullName": "ConfigService Validations port should ACCEPT numbers",
          "location": {
            "column": 6,
            "line": 122
          },
          "numPassingAsserts": 0,
          "status": "passed",
          "title": "should ACCEPT numbers"
        },
        {
          "ancestorTitles": [
            "ConfigService",
            "Validations",
            "port"
          ],
          "duration": 3,
          "failureMessages": [],
          "fullName": "ConfigService Validations port should REJECT values other than numbers",
          "location": {
            "column": 6,
            "line": 131
          },
          "numPassingAsserts": 0,
          "status": "passed",
          "title": "should REJECT values other than numbers"
        },
        {
          "ancestorTitles": [
            "ConfigService",
            "Validations",
            "dbUrl"
          ],
          "duration": 1,
          "failureMessages": [],
          "fullName": "ConfigService Validations dbUrl should ACCEPT empty value",
          "location": {
            "column": 6,
            "line": 147
          },
          "numPassingAsserts": 0,
          "status": "passed",
          "title": "should ACCEPT empty value"
        },
        {
          "ancestorTitles": [
            "ConfigService",
            "Validations",
            "dbUrl"
          ],
          "duration": 1,
          "failureMessages": [],
          "fullName": "ConfigService Validations dbUrl should ACCEPT localhost mongodb URL",
          "location": {
            "column": 6,
            "line": 157
          },
          "numPassingAsserts": 0,
          "status": "passed",
          "title": "should ACCEPT localhost mongodb URL"
        },
        {
          "ancestorTitles": [
            "ConfigService",
            "Validations",
            "dbUrl"
          ],
          "duration": 18,
          "failureMessages": [],
          "fullName": "ConfigService Validations dbUrl should ACCEPT valid mongodb URLS",
          "location": {
            "column": 6,
            "line": 167
          },
          "numPassingAsserts": 0,
          "status": "passed",
          "title": "should ACCEPT valid mongodb URLS"
        },
        {
          "ancestorTitles": [
            "ConfigService",
            "Validations",
            "dbUrl"
          ],
          "duration": 2,
          "failureMessages": [],
          "fullName": "ConfigService Validations dbUrl should REJECT non-mongodb URLS",
          "location": {
            "column": 6,
            "line": 181
          },
          "numPassingAsserts": 0,
          "status": "passed",
          "title": "should REJECT non-mongodb URLS"
        },
        {
          "ancestorTitles": [
            "ConfigService",
            "Validations",
            "webhookProxyUrl"
          ],
          "duration": 12,
          "failureMessages": [],
          "fullName": "ConfigService Validations webhookProxyUrl should ACCEPT smee.io URLS",
          "location": {
            "column": 6,
            "line": 192
          },
          "numPassingAsserts": 0,
          "status": "passed",
          "title": "should ACCEPT smee.io URLS"
        },
        {
          "ancestorTitles": [
            "ConfigService",
            "Validations",
            "webhookProxyUrl"
          ],
          "duration": 8,
          "failureMessages": [],
          "fullName": "ConfigService Validations webhookProxyUrl should REJECT non-smee URLS",
          "location": {
            "column": 6,
            "line": 209
          },
          "numPassingAsserts": 0,
          "status": "passed",
          "title": "should REJECT non-smee URLS"
        },
        {
          "ancestorTitles": [
            "ConfigService",
            "Validations",
            "webhookProxyUrl"
          ],
          "duration": 1,
          "failureMessages": [],
          "fullName": "ConfigService Validations webhookProxyUrl should REJECT non-URLS",
          "location": {
            "column": 6,
            "line": 218
          },
          "numPassingAsserts": 0,
          "status": "passed",
          "title": "should REJECT non-URLS"
        }
      ],
      "skipped": false,
      "leaks": false
    },
    {
      "failureMessage": null,
      "numFailingTests": 0,
      "numPassingTests": 1,
      "numPendingTests": 0,
      "numTodoTests": 0,
      "perfStats": {
        "end": 1577132837358,
        "start": 1577132836395
      },
      "snapshot": {
        "added": 0,
        "fileDeleted": false,
        "matched": 0,
        "unchecked": 0,
        "unmatched": 0,
        "updated": 0,
        "uncheckedKeys": []
      },
      "testFilePath": "/Users/nkalman/kibibit-new/achievibit/src/modules/pull-requests/pull-requests.service.spec.ts",
      "testResults": [
        {
          "ancestorTitles": [
            "PullRequestsService"
          ],
          "duration": 199,
          "failureMessages": [],
          "fullName": "PullRequestsService should be defined",
          "location": {
            "column": 2,
            "line": 30
          },
          "numPassingAsserts": 0,
          "status": "passed",
          "title": "should be defined"
        }
      ],
      "skipped": false,
      "leaks": false
    },
    {
      "failureMessage": null,
      "numFailingTests": 0,
      "numPassingTests": 2,
      "numPendingTests": 0,
      "numTodoTests": 0,
      "perfStats": {
        "end": 1577132838231,
        "start": 1577132837401
      },
      "snapshot": {
        "added": 0,
        "fileDeleted": false,
        "matched": 0,
        "unchecked": 0,
        "unmatched": 0,
        "updated": 0,
        "uncheckedKeys": []
      },
      "testFilePath": "/Users/nkalman/kibibit-new/achievibit/src/modules/repos/repos.controller.spec.ts",
      "testResults": [
        {
          "ancestorTitles": [
            "Repos Controller"
          ],
          "duration": 8,
          "failureMessages": [],
          "fullName": "Repos Controller should be defined",
          "location": {
            "column": 2,
            "line": 23
          },
          "numPassingAsserts": 0,
          "status": "passed",
          "title": "should be defined"
        },
        {
          "ancestorTitles": [
            "Repos Controller"
          ],
          "duration": 8,
          "failureMessages": [],
          "fullName": "Repos Controller should call service on get all repos",
          "location": {
            "column": 2,
            "line": 27
          },
          "numPassingAsserts": 0,
          "status": "passed",
          "title": "should call service on get all repos"
        }
      ],
      "skipped": false,
      "leaks": false
    },
    {
      "failureMessage": null,
      "numFailingTests": 0,
      "numPassingTests": 3,
      "numPendingTests": 0,
      "numTodoTests": 0,
      "perfStats": {
        "end": 1577132838412,
        "start": 1577132837180
      },
      "snapshot": {
        "added": 0,
        "fileDeleted": false,
        "matched": 0,
        "unchecked": 0,
        "unmatched": 0,
        "updated": 0,
        "uncheckedKeys": []
      },
      "testFilePath": "/Users/nkalman/kibibit-new/achievibit/src/modules/repos/repos.service.spec.ts",
      "testResults": [
        {
          "ancestorTitles": [
            "ReposService"
          ],
          "duration": 163,
          "failureMessages": [],
          "fullName": "ReposService should be defined",
          "location": {
            "column": 2,
            "line": 30
          },
          "numPassingAsserts": 0,
          "status": "passed",
          "title": "should be defined"
        },
        {
          "ancestorTitles": [
            "ReposService"
          ],
          "duration": 138,
          "failureMessages": [],
          "fullName": "ReposService should be able to create and get a repo",
          "location": {
            "column": 2,
            "line": 34
          },
          "numPassingAsserts": 0,
          "status": "passed",
          "title": "should be able to create and get a repo"
        },
        {
          "ancestorTitles": [
            "ReposService"
          ],
          "duration": 131,
          "failureMessages": [],
          "fullName": "ReposService should be able to get all repos",
          "location": {
            "column": 2,
            "line": 44
          },
          "numPassingAsserts": 0,
          "status": "passed",
          "title": "should be able to get all repos"
        }
      ],
      "skipped": false,
      "leaks": false
    },
    {
      "failureMessage": null,
      "numFailingTests": 0,
      "numPassingTests": 3,
      "numPendingTests": 0,
      "numTodoTests": 0,
      "perfStats": {
        "end": 1577132838917,
        "start": 1577132838257
      },
      "snapshot": {
        "added": 0,
        "fileDeleted": false,
        "matched": 1,
        "unchecked": 0,
        "unmatched": 0,
        "updated": 0,
        "uncheckedKeys": []
      },
      "testFilePath": "/Users/nkalman/kibibit-new/achievibit/src/app/app.service.spec.ts",
      "testResults": [
        {
          "ancestorTitles": [
            "AppService"
          ],
          "duration": 10,
          "failureMessages": [],
          "fullName": "AppService should be defined",
          "location": {
            "column": 2,
            "line": 20
          },
          "numPassingAsserts": 0,
          "status": "passed",
          "title": "should be defined"
        },
        {
          "ancestorTitles": [
            "AppService"
          ],
          "duration": 9,
          "failureMessages": [],
          "fullName": "AppService should return package info",
          "location": {
            "column": 2,
            "line": 26
          },
          "numPassingAsserts": 0,
          "status": "passed",
          "title": "should return package info"
        },
        {
          "ancestorTitles": [
            "AppService"
          ],
          "duration": 4,
          "failureMessages": [],
          "fullName": "AppService should re-use the same promise on different calls",
          "location": {
            "column": 2,
            "line": 34
          },
          "numPassingAsserts": 0,
          "status": "passed",
          "title": "should re-use the same promise on different calls"
        }
      ],
      "skipped": false,
      "leaks": false
    },
    {
      "failureMessage": null,
      "numFailingTests": 0,
      "numPassingTests": 1,
      "numPendingTests": 0,
      "numTodoTests": 0,
      "perfStats": {
        "end": 1577132839668,
        "start": 1577132831867
      },
      "snapshot": {
        "added": 0,
        "fileDeleted": false,
        "matched": 0,
        "unchecked": 0,
        "unmatched": 0,
        "updated": 0,
        "uncheckedKeys": []
      },
      "testFilePath": "/Users/nkalman/kibibit-new/achievibit/src/app/app.controller.spec.ts",
      "testResults": [
        {
          "ancestorTitles": [
            "AppController",
            "root"
          ],
          "duration": 23,
          "failureMessages": [],
          "fullName": "AppController root should return package info",
          "location": {
            "column": 4,
            "line": 29
          },
          "numPassingAsserts": 0,
          "status": "passed",
          "title": "should return package info"
        }
      ],
      "skipped": false,
      "leaks": false
    },
    {
      "failureMessage": null,
      "numFailingTests": 0,
      "numPassingTests": 16,
      "numPendingTests": 0,
      "numTodoTests": 1,
      "perfStats": {
        "end": 1577132840323,
        "start": 1577132832352
      },
      "snapshot": {
        "added": 0,
        "fileDeleted": false,
        "matched": 0,
        "unchecked": 0,
        "unmatched": 0,
        "updated": 0,
        "uncheckedKeys": []
      },
      "testFilePath": "/Users/nkalman/kibibit-new/achievibit/src/modules/github-event-manager/github-event-manager.service.spec.ts",
      "testResults": [
        {
          "ancestorTitles": [
            "GithubEventManagerService"
          ],
          "duration": 18,
          "failureMessages": [],
          "fullName": "GithubEventManagerService should be defined",
          "location": {
            "column": 2,
            "line": 46
          },
          "numPassingAsserts": 0,
          "status": "passed",
          "title": "should be defined"
        },
        {
          "ancestorTitles": [
            "GithubEventManagerService",
            "it should translate GitHubEvents to AchievibitEvents",
            "Pull Request Events"
          ],
          "duration": 3,
          "failureMessages": [],
          "fullName": "GithubEventManagerService it should translate GitHubEvents to AchievibitEvents Pull Request Events Ping Event",
          "location": {
            "column": 6,
            "line": 52
          },
          "numPassingAsserts": 0,
          "status": "passed",
          "title": "Ping Event"
        },
        {
          "ancestorTitles": [
            "GithubEventManagerService",
            "it should translate GitHubEvents to AchievibitEvents",
            "Pull Request Events"
          ],
          "duration": 2,
          "failureMessages": [],
          "fullName": "GithubEventManagerService it should translate GitHubEvents to AchievibitEvents Pull Request Events Open Event",
          "location": {
            "column": 6,
            "line": 61
          },
          "numPassingAsserts": 0,
          "status": "passed",
          "title": "Open Event"
        },
        {
          "ancestorTitles": [
            "GithubEventManagerService",
            "it should translate GitHubEvents to AchievibitEvents",
            "Pull Request Events"
          ],
          "duration": 2,
          "failureMessages": [],
          "fullName": "GithubEventManagerService it should translate GitHubEvents to AchievibitEvents Pull Request Events Edit Event (title or description edit)",
          "location": {
            "column": 6,
            "line": 70
          },
          "numPassingAsserts": 0,
          "status": "passed",
          "title": "Edit Event (title or description edit)"
        },
        {
          "ancestorTitles": [
            "GithubEventManagerService",
            "it should translate GitHubEvents to AchievibitEvents",
            "Pull Request Events"
          ],
          "duration": 2,
          "failureMessages": [],
          "fullName": "GithubEventManagerService it should translate GitHubEvents to AchievibitEvents Pull Request Events Initial Labels (added when pull request is created)",
          "location": {
            "column": 6,
            "line": 79
          },
          "numPassingAsserts": 0,
          "status": "passed",
          "title": "Initial Labels (added when pull request is created)"
        },
        {
          "ancestorTitles": [
            "GithubEventManagerService",
            "it should translate GitHubEvents to AchievibitEvents",
            "Pull Request Events"
          ],
          "duration": 3,
          "failureMessages": [],
          "fullName": "GithubEventManagerService it should translate GitHubEvents to AchievibitEvents Pull Request Events Add Label Event",
          "location": {
            "column": 6,
            "line": 88
          },
          "numPassingAsserts": 0,
          "status": "passed",
          "title": "Add Label Event"
        },
        {
          "ancestorTitles": [
            "GithubEventManagerService",
            "it should translate GitHubEvents to AchievibitEvents",
            "Pull Request Events"
          ],
          "duration": 2,
          "failureMessages": [],
          "fullName": "GithubEventManagerService it should translate GitHubEvents to AchievibitEvents Pull Request Events Removed Label Event",
          "location": {
            "column": 6,
            "line": 97
          },
          "numPassingAsserts": 0,
          "status": "passed",
          "title": "Removed Label Event"
        },
        {
          "ancestorTitles": [
            "GithubEventManagerService",
            "it should translate GitHubEvents to AchievibitEvents",
            "Pull Request Events"
          ],
          "duration": 2,
          "failureMessages": [],
          "fullName": "GithubEventManagerService it should translate GitHubEvents to AchievibitEvents Pull Request Events Add Assignee Event",
          "location": {
            "column": 6,
            "line": 106
          },
          "numPassingAsserts": 0,
          "status": "passed",
          "title": "Add Assignee Event"
        },
        {
          "ancestorTitles": [
            "GithubEventManagerService",
            "it should translate GitHubEvents to AchievibitEvents",
            "Pull Request Events"
          ],
          "duration": 3,
          "failureMessages": [],
          "fullName": "GithubEventManagerService it should translate GitHubEvents to AchievibitEvents Pull Request Events Remove Assignee Event",
          "location": {
            "column": 6,
            "line": 115
          },
          "numPassingAsserts": 0,
          "status": "passed",
          "title": "Remove Assignee Event"
        },
        {
          "ancestorTitles": [
            "GithubEventManagerService",
            "it should translate GitHubEvents to AchievibitEvents",
            "Pull Request Events"
          ],
          "duration": 3,
          "failureMessages": [],
          "fullName": "GithubEventManagerService it should translate GitHubEvents to AchievibitEvents Pull Request Events Merge Pull Request Event",
          "location": {
            "column": 6,
            "line": 124
          },
          "numPassingAsserts": 0,
          "status": "passed",
          "title": "Merge Pull Request Event"
        },
        {
          "ancestorTitles": [
            "GithubEventManagerService",
            "it should translate GitHubEvents to AchievibitEvents",
            "Pull Request Review Events"
          ],
          "duration": 2,
          "failureMessages": [],
          "fullName": "GithubEventManagerService it should translate GitHubEvents to AchievibitEvents Pull Request Review Events Review Request Added Event",
          "location": {
            "column": 6,
            "line": 135
          },
          "numPassingAsserts": 0,
          "status": "passed",
          "title": "Review Request Added Event"
        },
        {
          "ancestorTitles": [
            "GithubEventManagerService",
            "it should translate GitHubEvents to AchievibitEvents",
            "Pull Request Review Events"
          ],
          "duration": 3,
          "failureMessages": [],
          "fullName": "GithubEventManagerService it should translate GitHubEvents to AchievibitEvents Pull Request Review Events Review Request Removed Event",
          "location": {
            "column": 6,
            "line": 144
          },
          "numPassingAsserts": 0,
          "status": "passed",
          "title": "Review Request Removed Event"
        },
        {
          "ancestorTitles": [
            "GithubEventManagerService",
            "it should translate GitHubEvents to AchievibitEvents",
            "Pull Request Review Events"
          ],
          "duration": 2,
          "failureMessages": [],
          "fullName": "GithubEventManagerService it should translate GitHubEvents to AchievibitEvents Pull Request Review Events Review Comment Added Event",
          "location": {
            "column": 6,
            "line": 153
          },
          "numPassingAsserts": 0,
          "status": "passed",
          "title": "Review Comment Added Event"
        },
        {
          "ancestorTitles": [
            "GithubEventManagerService",
            "it should translate GitHubEvents to AchievibitEvents",
            "Pull Request Review Events"
          ],
          "duration": 5,
          "failureMessages": [],
          "fullName": "GithubEventManagerService it should translate GitHubEvents to AchievibitEvents Pull Request Review Events Review Comment Removed Event",
          "location": {
            "column": 6,
            "line": 162
          },
          "numPassingAsserts": 0,
          "status": "passed",
          "title": "Review Comment Removed Event"
        },
        {
          "ancestorTitles": [
            "GithubEventManagerService",
            "it should translate GitHubEvents to AchievibitEvents",
            "Pull Request Review Events"
          ],
          "duration": 2,
          "failureMessages": [],
          "fullName": "GithubEventManagerService it should translate GitHubEvents to AchievibitEvents Pull Request Review Events Review Comment Edited Event",
          "location": {
            "column": 6,
            "line": 171
          },
          "numPassingAsserts": 0,
          "status": "passed",
          "title": "Review Comment Edited Event"
        },
        {
          "ancestorTitles": [
            "GithubEventManagerService",
            "it should translate GitHubEvents to AchievibitEvents",
            "Pull Request Review Events"
          ],
          "duration": 1,
          "failureMessages": [],
          "fullName": "GithubEventManagerService it should translate GitHubEvents to AchievibitEvents Pull Request Review Events Review Submitted Event",
          "location": {
            "column": 6,
            "line": 180
          },
          "numPassingAsserts": 0,
          "status": "passed",
          "title": "Review Submitted Event"
        },
        {
          "ancestorTitles": [
            "GithubEventManagerService",
            "it should translate GitHubEvents to AchievibitEvents",
            "Pull Request Review Events"
          ],
          "duration": 0,
          "failureMessages": [],
          "fullName": "GithubEventManagerService it should translate GitHubEvents to AchievibitEvents Pull Request Review Events Review Edited Event",
          "location": null,
          "numPassingAsserts": 0,
          "status": "todo",
          "title": "Review Edited Event"
        }
      ],
      "skipped": false,
      "leaks": false
    },
    {
      "failureMessage": null,
      "numFailingTests": 0,
      "numPassingTests": 1,
      "numPendingTests": 0,
      "numTodoTests": 0,
      "perfStats": {
        "end": 1577132840333,
        "start": 1577132832862
      },
      "snapshot": {
        "added": 0,
        "fileDeleted": false,
        "matched": 0,
        "unchecked": 0,
        "unmatched": 0,
        "updated": 0,
        "uncheckedKeys": []
      },
      "testFilePath": "/Users/nkalman/kibibit-new/achievibit/src/modules/pull-requests/pull-requests.controller.spec.ts",
      "testResults": [
        {
          "ancestorTitles": [
            "PullRequests Controller"
          ],
          "duration": 18,
          "failureMessages": [],
          "fullName": "PullRequests Controller should be defined",
          "location": {
            "column": 2,
            "line": 22
          },
          "numPassingAsserts": 0,
          "status": "passed",
          "title": "should be defined"
        }
      ],
      "skipped": false,
      "leaks": false
    },
    {
      "failureMessage": null,
      "numFailingTests": 0,
      "numPassingTests": 2,
      "numPendingTests": 0,
      "numTodoTests": 0,
      "perfStats": {
        "end": 1577132840671,
        "start": 1577132831853
      },
      "snapshot": {
        "added": 0,
        "fileDeleted": false,
        "matched": 1,
        "unchecked": 0,
        "unmatched": 0,
        "updated": 0,
        "uncheckedKeys": []
      },
      "testFilePath": "/Users/nkalman/kibibit-new/achievibit/src/modules/shields/shields.service.spec.ts",
      "testResults": [
        {
          "ancestorTitles": [
            "ShieldsService"
          ],
          "duration": 18,
          "failureMessages": [],
          "fullName": "ShieldsService should be defined",
          "location": {
            "column": 2,
            "line": 35
          },
          "numPassingAsserts": 0,
          "status": "passed",
          "title": "should be defined"
        },
        {
          "ancestorTitles": [
            "ShieldsService"
          ],
          "duration": 30,
          "failureMessages": [],
          "fullName": "ShieldsService should create an all achievements shield with number of defined achievements",
          "location": {
            "column": 2,
            "line": 39
          },
          "numPassingAsserts": 0,
          "status": "passed",
          "title": "should create an all achievements shield with number of defined achievements"
        }
      ],
      "skipped": false,
      "leaks": false
    }
  ],
  "wasInterrupted": false,
  "coverageMap": {
    "/Users/nkalman/kibibit-new/achievibit/src/models/pull-request.model.ts": {
      "path": "/Users/nkalman/kibibit-new/achievibit/src/models/pull-request.model.ts",
      "statementMap": {
        "0": {
          "start": {
            "line": 1,
            "column": 0
          },
          "end": {
            "line": 1,
            "column": 52
          }
        },
        "1": {
          "start": {
            "line": 2,
            "column": 0
          },
          "end": {
            "line": 2,
            "column": 65
          }
        },
        "2": {
          "start": {
            "line": 3,
            "column": 0
          },
          "end": {
            "line": 3,
            "column": 38
          }
        },
        "3": {
          "start": {
            "line": 4,
            "column": 0
          },
          "end": {
            "line": 4,
            "column": 35
          }
        },
        "4": {
          "start": {
            "line": 5,
            "column": 0
          },
          "end": {
            "line": 5,
            "column": 51
          }
        },
        "5": {
          "start": {
            "line": 7,
            "column": 0
          },
          "end": {
            "line": 7,
            "column": 37
          }
        },
        "6": {
          "start": {
            "line": 9,
            "column": 0
          },
          "end": {
            "line": 9,
            "column": 39
          }
        },
        "7": {
          "start": {
            "line": 11,
            "column": 13
          },
          "end": {
            "line": 11,
            "column": 53
          }
        },
        "8": {
          "start": {
            "line": 14,
            "column": 0
          },
          "end": {
            "line": 82,
            "column": null
          }
        },
        "9": {
          "start": {
            "line": 67,
            "column": 4
          },
          "end": {
            "line": 80,
            "column": 25
          }
        },
        "10": {
          "start": {
            "line": 17,
            "column": 2
          },
          "end": {
            "line": 17,
            "column": null
          }
        },
        "11": {
          "start": {
            "line": 19,
            "column": 2
          },
          "end": {
            "line": 19,
            "column": null
          }
        },
        "12": {
          "start": {
            "line": 24,
            "column": 2
          },
          "end": {
            "line": 24,
            "column": null
          }
        },
        "13": {
          "start": {
            "line": 28,
            "column": 2
          },
          "end": {
            "line": 28,
            "column": null
          }
        },
        "14": {
          "start": {
            "line": 32,
            "column": 2
          },
          "end": {
            "line": 32,
            "column": null
          }
        },
        "15": {
          "start": {
            "line": 36,
            "column": 2
          },
          "end": {
            "line": 36,
            "column": null
          }
        },
        "16": {
          "start": {
            "line": 40,
            "column": 2
          },
          "end": {
            "line": 40,
            "column": null
          }
        },
        "17": {
          "start": {
            "line": 43,
            "column": 2
          },
          "end": {
            "line": 43,
            "column": null
          }
        },
        "18": {
          "start": {
            "line": 46,
            "column": 2
          },
          "end": {
            "line": 46,
            "column": null
          }
        },
        "19": {
          "start": {
            "line": 49,
            "column": 2
          },
          "end": {
            "line": 49,
            "column": null
          }
        },
        "20": {
          "start": {
            "line": 52,
            "column": 2
          },
          "end": {
            "line": 52,
            "column": null
          }
        },
        "21": {
          "start": {
            "line": 55,
            "column": 2
          },
          "end": {
            "line": 55,
            "column": null
          }
        },
        "22": {
          "start": {
            "line": 59,
            "column": 2
          },
          "end": {
            "line": 59,
            "column": null
          }
        },
        "23": {
          "start": {
            "line": 63,
            "column": 2
          },
          "end": {
            "line": 63,
            "column": null
          }
        },
        "24": {
          "start": {
            "line": 14,
            "column": 13
          },
          "end": {
            "line": 82,
            "column": null
          }
        },
        "25": {
          "start": {
            "line": 14,
            "column": 13
          },
          "end": {
            "line": 14,
            "column": 27
          }
        },
        "26": {
          "start": {
            "line": 84,
            "column": 13
          },
          "end": {
            "line": 99,
            "column": 3
          }
        }
      },
      "fnMap": {
        "0": {
          "name": "(anonymous_2)",
          "decl": {
            "start": {
              "line": 65,
              "column": 2
            },
            "end": {
              "line": 65,
              "column": 14
            }
          },
          "loc": {
            "start": {
              "line": 65,
              "column": 46
            },
            "end": {
              "line": 81,
              "column": 3
            }
          }
        }
      },
      "branchMap": {},
      "s": {
        "0": 12,
        "1": 12,
        "2": 12,
        "3": 12,
        "4": 12,
        "5": 12,
        "6": 12,
        "7": 12,
        "8": 12,
        "9": 0,
        "10": 12,
        "11": 12,
        "12": 12,
        "13": 12,
        "14": 12,
        "15": 12,
        "16": 12,
        "17": 12,
        "18": 12,
        "19": 12,
        "20": 12,
        "21": 12,
        "22": 12,
        "23": 12,
        "24": 12,
        "25": 12,
        "26": 12
      },
      "f": {
        "0": 0
      },
      "b": {}
    },
    "/Users/nkalman/kibibit-new/achievibit/src/models/repo.model.ts": {
      "path": "/Users/nkalman/kibibit-new/achievibit/src/models/repo.model.ts",
      "statementMap": {
        "0": {
          "start": {
            "line": 1,
            "column": 0
          },
          "end": {
            "line": 1,
            "column": 46
          }
        },
        "1": {
          "start": {
            "line": 2,
            "column": 0
          },
          "end": {
            "line": 2,
            "column": 44
          }
        },
        "2": {
          "start": {
            "line": 3,
            "column": 0
          },
          "end": {
            "line": 3,
            "column": 67
          }
        },
        "3": {
          "start": {
            "line": 4,
            "column": 0
          },
          "end": {
            "line": 4,
            "column": 38
          }
        },
        "4": {
          "start": {
            "line": 5,
            "column": 0
          },
          "end": {
            "line": 5,
            "column": 44
          }
        },
        "5": {
          "start": {
            "line": 7,
            "column": 13
          },
          "end": {
            "line": 7,
            "column": 38
          }
        },
        "6": {
          "start": {
            "line": 12,
            "column": 2
          },
          "end": {
            "line": 12,
            "column": null
          }
        },
        "7": {
          "start": {
            "line": 16,
            "column": 2
          },
          "end": {
            "line": 16,
            "column": null
          }
        },
        "8": {
          "start": {
            "line": 20,
            "column": 2
          },
          "end": {
            "line": 20,
            "column": null
          }
        },
        "9": {
          "start": {
            "line": 25,
            "column": 2
          },
          "end": {
            "line": 25,
            "column": null
          }
        },
        "10": {
          "start": {
            "line": 9,
            "column": 0
          },
          "end": {
            "line": 9,
            "column": 13
          }
        },
        "11": {
          "start": {
            "line": 31,
            "column": 4
          },
          "end": {
            "line": 31,
            "column": 12
          }
        },
        "12": {
          "start": {
            "line": 33,
            "column": 4
          },
          "end": {
            "line": 33,
            "column": 32
          }
        },
        "13": {
          "start": {
            "line": 37,
            "column": 2
          },
          "end": {
            "line": 37,
            "column": null
          }
        },
        "14": {
          "start": {
            "line": 39,
            "column": 2
          },
          "end": {
            "line": 39,
            "column": null
          }
        },
        "15": {
          "start": {
            "line": 29,
            "column": 0
          },
          "end": {
            "line": 29,
            "column": 13
          }
        },
        "16": {
          "start": {
            "line": 43,
            "column": 13
          },
          "end": {
            "line": 48,
            "column": 3
          }
        }
      },
      "fnMap": {
        "0": {
          "name": "(anonymous_2)",
          "decl": {
            "start": {
              "line": 30,
              "column": 2
            },
            "end": {
              "line": 30,
              "column": 14
            }
          },
          "loc": {
            "start": {
              "line": 30,
              "column": 39
            },
            "end": {
              "line": 34,
              "column": 3
            }
          }
        }
      },
      "branchMap": {},
      "s": {
        "0": 12,
        "1": 12,
        "2": 12,
        "3": 12,
        "4": 12,
        "5": 12,
        "6": 12,
        "7": 12,
        "8": 12,
        "9": 12,
        "10": 12,
        "11": 6,
        "12": 6,
        "13": 12,
        "14": 12,
        "15": 12,
        "16": 12
      },
      "f": {
        "0": 6
      },
      "b": {}
    },
    "/Users/nkalman/kibibit-new/achievibit/src/models/user.model.ts": {
      "path": "/Users/nkalman/kibibit-new/achievibit/src/models/user.model.ts",
      "statementMap": {
        "0": {
          "start": {
            "line": 1,
            "column": 0
          },
          "end": {
            "line": 1,
            "column": 46
          }
        },
        "1": {
          "start": {
            "line": 2,
            "column": 0
          },
          "end": {
            "line": 2,
            "column": 44
          }
        },
        "2": {
          "start": {
            "line": 3,
            "column": 0
          },
          "end": {
            "line": 3,
            "column": 87
          }
        },
        "3": {
          "start": {
            "line": 4,
            "column": 0
          },
          "end": {
            "line": 4,
            "column": 38
          }
        },
        "4": {
          "start": {
            "line": 5,
            "column": 0
          },
          "end": {
            "line": 5,
            "column": 44
          }
        },
        "5": {
          "start": {
            "line": 7,
            "column": 0
          },
          "end": {
            "line": 7,
            "column": 60
          }
        },
        "6": {
          "start": {
            "line": 9,
            "column": 13
          },
          "end": {
            "line": 9,
            "column": 38
          }
        },
        "7": {
          "start": {
            "line": 18,
            "column": 2
          },
          "end": {
            "line": 18,
            "column": null
          }
        },
        "8": {
          "start": {
            "line": 22,
            "column": 2
          },
          "end": {
            "line": 22,
            "column": null
          }
        },
        "9": {
          "start": {
            "line": 26,
            "column": 2
          },
          "end": {
            "line": 26,
            "column": null
          }
        },
        "10": {
          "start": {
            "line": 31,
            "column": 2
          },
          "end": {
            "line": 31,
            "column": null
          }
        },
        "11": {
          "start": {
            "line": 36,
            "column": 2
          },
          "end": {
            "line": 36,
            "column": null
          }
        },
        "12": {
          "start": {
            "line": 40,
            "column": 2
          },
          "end": {
            "line": 40,
            "column": null
          }
        },
        "13": {
          "start": {
            "line": 43,
            "column": 2
          },
          "end": {
            "line": 43,
            "column": null
          }
        },
        "14": {
          "start": {
            "line": 15,
            "column": 0
          },
          "end": {
            "line": 15,
            "column": 13
          }
        },
        "15": {
          "start": {
            "line": 49,
            "column": 4
          },
          "end": {
            "line": 49,
            "column": 12
          }
        },
        "16": {
          "start": {
            "line": 51,
            "column": 4
          },
          "end": {
            "line": 56,
            "column": 18
          }
        },
        "17": {
          "start": {
            "line": 60,
            "column": 2
          },
          "end": {
            "line": 60,
            "column": null
          }
        },
        "18": {
          "start": {
            "line": 62,
            "column": 2
          },
          "end": {
            "line": 62,
            "column": null
          }
        },
        "19": {
          "start": {
            "line": 47,
            "column": 0
          },
          "end": {
            "line": 47,
            "column": 13
          }
        },
        "20": {
          "start": {
            "line": 68,
            "column": 13
          },
          "end": {
            "line": 81,
            "column": 3
          }
        },
        "21": {
          "start": {
            "line": 75,
            "column": 17
          },
          "end": {
            "line": 75,
            "column": 66
          }
        }
      },
      "fnMap": {
        "0": {
          "name": "(anonymous_2)",
          "decl": {
            "start": {
              "line": 48,
              "column": 2
            },
            "end": {
              "line": 48,
              "column": 14
            }
          },
          "loc": {
            "start": {
              "line": 48,
              "column": 39
            },
            "end": {
              "line": 57,
              "column": 3
            }
          }
        },
        "1": {
          "name": "(anonymous_3)",
          "decl": {
            "start": {
              "line": 75,
              "column": 4
            },
            "end": {
              "line": 75,
              "column": 12
            }
          },
          "loc": {
            "start": {
              "line": 75,
              "column": 12
            },
            "end": {
              "line": 75,
              "column": 68
            }
          }
        }
      },
      "branchMap": {
        "0": {
          "loc": {
            "start": {
              "line": 75,
              "column": 53
            },
            "end": {
              "line": 75,
              "column": 57
            }
          },
          "type": "cond-expr",
          "locations": [
            {
              "start": {
                "line": 75,
                "column": 53
              },
              "end": {
                "line": 75,
                "column": 57
              }
            },
            {
              "start": {
                "line": 75,
                "column": 60
              },
              "end": {
                "line": 75,
                "column": 65
              }
            }
          ]
        }
      },
      "s": {
        "0": 12,
        "1": 12,
        "2": 12,
        "3": 12,
        "4": 12,
        "5": 12,
        "6": 12,
        "7": 12,
        "8": 12,
        "9": 12,
        "10": 12,
        "11": 12,
        "12": 12,
        "13": 12,
        "14": 12,
        "15": 6,
        "16": 6,
        "17": 12,
        "18": 12,
        "19": 12,
        "20": 12,
        "21": 3
      },
      "f": {
        "0": 6,
        "1": 3
      },
      "b": {
        "0": [
          0,
          3
        ]
      }
    },
    "/Users/nkalman/kibibit-new/achievibit/src/modules/users/users.service.ts": {
      "path": "/Users/nkalman/kibibit-new/achievibit/src/modules/users/users.service.ts",
      "statementMap": {
        "0": {
          "start": {
            "line": 1,
            "column": 0
          },
          "end": {
            "line": 1,
            "column": 52
          }
        },
        "1": {
          "start": {
            "line": 2,
            "column": 0
          },
          "end": {
            "line": 2,
            "column": 47
          }
        },
        "2": {
          "start": {
            "line": 3,
            "column": 0
          },
          "end": {
            "line": 3,
            "column": 33
          }
        },
        "3": {
          "start": {
            "line": 5,
            "column": 0
          },
          "end": {
            "line": 5,
            "column": 76
          }
        },
        "4": {
          "start": {
            "line": 8,
            "column": 0
          },
          "end": {
            "line": 41,
            "column": null
          }
        },
        "5": {
          "start": {
            "line": 11,
            "column": 61
          },
          "end": {
            "line": 11,
            "column": 72
          }
        },
        "6": {
          "start": {
            "line": 9,
            "column": 10
          },
          "end": {
            "line": 9,
            "column": 54
          }
        },
        "7": {
          "start": {
            "line": 14,
            "column": 4
          },
          "end": {
            "line": 14,
            "column": 31
          }
        },
        "8": {
          "start": {
            "line": 15,
            "column": 4
          },
          "end": {
            "line": 23,
            "column": null
          }
        },
        "9": {
          "start": {
            "line": 16,
            "column": 35
          },
          "end": {
            "line": 16,
            "column": 84
          }
        },
        "10": {
          "start": {
            "line": 18,
            "column": 6
          },
          "end": {
            "line": 18,
            "column": 31
          }
        },
        "11": {
          "start": {
            "line": 20,
            "column": 6
          },
          "end": {
            "line": 20,
            "column": 38
          }
        },
        "12": {
          "start": {
            "line": 22,
            "column": 6
          },
          "end": {
            "line": 22,
            "column": 25
          }
        },
        "13": {
          "start": {
            "line": 27,
            "column": 4
          },
          "end": {
            "line": 28,
            "column": 74
          }
        },
        "14": {
          "start": {
            "line": 28,
            "column": 24
          },
          "end": {
            "line": 28,
            "column": 72
          }
        },
        "15": {
          "start": {
            "line": 28,
            "column": 45
          },
          "end": {
            "line": 28,
            "column": 71
          }
        },
        "16": {
          "start": {
            "line": 32,
            "column": 19
          },
          "end": {
            "line": 32,
            "column": 68
          }
        },
        "17": {
          "start": {
            "line": 34,
            "column": 4
          },
          "end": {
            "line": 37,
            "column": null
          }
        },
        "18": {
          "start": {
            "line": 36,
            "column": 6
          },
          "end": {
            "line": 36,
            "column": 13
          }
        },
        "19": {
          "start": {
            "line": 39,
            "column": 4
          },
          "end": {
            "line": 39,
            "column": 40
          }
        },
        "20": {
          "start": {
            "line": 8,
            "column": 13
          },
          "end": {
            "line": 41,
            "column": null
          }
        },
        "21": {
          "start": {
            "line": 8,
            "column": 13
          },
          "end": {
            "line": 8,
            "column": 25
          }
        }
      },
      "fnMap": {
        "0": {
          "name": "(anonymous_4)",
          "decl": {
            "start": {
              "line": 11,
              "column": 2
            },
            "end": {
              "line": 11,
              "column": 15
            }
          },
          "loc": {
            "start": {
              "line": 11,
              "column": 84
            },
            "end": {
              "line": 11,
              "column": 89
            }
          }
        },
        "1": {
          "name": "(anonymous_5)",
          "decl": {
            "start": {
              "line": 13,
              "column": 2
            },
            "end": {
              "line": 13,
              "column": 7
            }
          },
          "loc": {
            "start": {
              "line": 13,
              "column": 43
            },
            "end": {
              "line": 24,
              "column": 3
            }
          }
        },
        "2": {
          "name": "(anonymous_6)",
          "decl": {
            "start": {
              "line": 26,
              "column": 2
            },
            "end": {
              "line": 26,
              "column": 7
            }
          },
          "loc": {
            "start": {
              "line": 26,
              "column": 15
            },
            "end": {
              "line": 29,
              "column": 3
            }
          }
        },
        "3": {
          "name": "(anonymous_7)",
          "decl": {
            "start": {
              "line": 28,
              "column": 12
            },
            "end": {
              "line": 28,
              "column": 13
            }
          },
          "loc": {
            "start": {
              "line": 28,
              "column": 24
            },
            "end": {
              "line": 28,
              "column": 72
            }
          }
        },
        "4": {
          "name": "(anonymous_8)",
          "decl": {
            "start": {
              "line": 28,
              "column": 35
            },
            "end": {
              "line": 28,
              "column": 36
            }
          },
          "loc": {
            "start": {
              "line": 28,
              "column": 45
            },
            "end": {
              "line": 28,
              "column": 71
            }
          }
        },
        "5": {
          "name": "(anonymous_9)",
          "decl": {
            "start": {
              "line": 31,
              "column": 2
            },
            "end": {
              "line": 31,
              "column": 7
            }
          },
          "loc": {
            "start": {
              "line": 31,
              "column": 32
            },
            "end": {
              "line": 40,
              "column": 3
            }
          }
        }
      },
      "branchMap": {
        "0": {
          "loc": {
            "start": {
              "line": 34,
              "column": 4
            },
            "end": {
              "line": 37,
              "column": null
            }
          },
          "type": "if",
          "locations": [
            {
              "start": {
                "line": 34,
                "column": 4
              },
              "end": {
                "line": 37,
                "column": null
              }
            },
            {
              "start": {
                "line": 34,
                "column": 4
              },
              "end": {
                "line": 37,
                "column": null
              }
            }
          ]
        }
      },
      "s": {
        "0": 6,
        "1": 6,
        "2": 6,
        "3": 6,
        "4": 6,
        "5": 3,
        "6": 3,
        "7": 3,
        "8": 3,
        "9": 3,
        "10": 3,
        "11": 3,
        "12": 0,
        "13": 1,
        "14": 1,
        "15": 2,
        "16": 1,
        "17": 1,
        "18": 0,
        "19": 1,
        "20": 6,
        "21": 6
      },
      "f": {
        "0": 3,
        "1": 3,
        "2": 1,
        "3": 1,
        "4": 2,
        "5": 1
      },
      "b": {
        "0": [
          0,
          1
        ]
      }
    },
    "/Users/nkalman/kibibit-new/achievibit/src/modules/pull-requests/pull-requests.service.ts": {
      "path": "/Users/nkalman/kibibit-new/achievibit/src/modules/pull-requests/pull-requests.service.ts",
      "statementMap": {
        "0": {
          "start": {
            "line": 1,
            "column": 0
          },
          "end": {
            "line": 1,
            "column": 52
          }
        },
        "1": {
          "start": {
            "line": 2,
            "column": 0
          },
          "end": {
            "line": 2,
            "column": 47
          }
        },
        "2": {
          "start": {
            "line": 3,
            "column": 0
          },
          "end": {
            "line": 3,
            "column": 33
          }
        },
        "3": {
          "start": {
            "line": 5,
            "column": 0
          },
          "end": {
            "line": 5,
            "column": 83
          }
        },
        "4": {
          "start": {
            "line": 8,
            "column": 0
          },
          "end": {
            "line": 53,
            "column": null
          }
        },
        "5": {
          "start": {
            "line": 11,
            "column": 69
          },
          "end": {
            "line": 11,
            "column": 87
          }
        },
        "6": {
          "start": {
            "line": 9,
            "column": 10
          },
          "end": {
            "line": 9,
            "column": 61
          }
        },
        "7": {
          "start": {
            "line": 14,
            "column": 4
          },
          "end": {
            "line": 25,
            "column": null
          }
        },
        "8": {
          "start": {
            "line": 15,
            "column": 6
          },
          "end": {
            "line": 15,
            "column": 81
          }
        },
        "9": {
          "start": {
            "line": 17,
            "column": 33
          },
          "end": {
            "line": 17,
            "column": 89
          }
        },
        "10": {
          "start": {
            "line": 19,
            "column": 6
          },
          "end": {
            "line": 19,
            "column": 77
          }
        },
        "11": {
          "start": {
            "line": 21,
            "column": 6
          },
          "end": {
            "line": 21,
            "column": 61
          }
        },
        "12": {
          "start": {
            "line": 23,
            "column": 6
          },
          "end": {
            "line": 23,
            "column": 25
          }
        },
        "13": {
          "start": {
            "line": 24,
            "column": 6
          },
          "end": {
            "line": 24,
            "column": 16
          }
        },
        "14": {
          "start": {
            "line": 29,
            "column": 4
          },
          "end": {
            "line": 33,
            "column": 7
          }
        },
        "15": {
          "start": {
            "line": 37,
            "column": 4
          },
          "end": {
            "line": 38,
            "column": 95
          }
        },
        "16": {
          "start": {
            "line": 38,
            "column": 24
          },
          "end": {
            "line": 38,
            "column": 93
          }
        },
        "17": {
          "start": {
            "line": 38,
            "column": 52
          },
          "end": {
            "line": 38,
            "column": 92
          }
        },
        "18": {
          "start": {
            "line": 42,
            "column": 17
          },
          "end": {
            "line": 42,
            "column": 67
          }
        },
        "19": {
          "start": {
            "line": 44,
            "column": 4
          },
          "end": {
            "line": 44,
            "column": 67
          }
        },
        "20": {
          "start": {
            "line": 46,
            "column": 4
          },
          "end": {
            "line": 49,
            "column": null
          }
        },
        "21": {
          "start": {
            "line": 48,
            "column": 6
          },
          "end": {
            "line": 48,
            "column": 13
          }
        },
        "22": {
          "start": {
            "line": 51,
            "column": 4
          },
          "end": {
            "line": 51,
            "column": 45
          }
        },
        "23": {
          "start": {
            "line": 8,
            "column": 13
          },
          "end": {
            "line": 53,
            "column": null
          }
        },
        "24": {
          "start": {
            "line": 8,
            "column": 13
          },
          "end": {
            "line": 8,
            "column": 32
          }
        }
      },
      "fnMap": {
        "0": {
          "name": "(anonymous_4)",
          "decl": {
            "start": {
              "line": 11,
              "column": 2
            },
            "end": {
              "line": 11,
              "column": 15
            }
          },
          "loc": {
            "start": {
              "line": 11,
              "column": 106
            },
            "end": {
              "line": 11,
              "column": 111
            }
          }
        },
        "1": {
          "name": "(anonymous_5)",
          "decl": {
            "start": {
              "line": 13,
              "column": 2
            },
            "end": {
              "line": 13,
              "column": 7
            }
          },
          "loc": {
            "start": {
              "line": 13,
              "column": 51
            },
            "end": {
              "line": 26,
              "column": 3
            }
          }
        },
        "2": {
          "name": "(anonymous_6)",
          "decl": {
            "start": {
              "line": 28,
              "column": 2
            },
            "end": {
              "line": 28,
              "column": 7
            }
          },
          "loc": {
            "start": {
              "line": 28,
              "column": 57
            },
            "end": {
              "line": 34,
              "column": 3
            }
          }
        },
        "3": {
          "name": "(anonymous_7)",
          "decl": {
            "start": {
              "line": 36,
              "column": 2
            },
            "end": {
              "line": 36,
              "column": 7
            }
          },
          "loc": {
            "start": {
              "line": 36,
              "column": 15
            },
            "end": {
              "line": 39,
              "column": 3
            }
          }
        },
        "4": {
          "name": "(anonymous_8)",
          "decl": {
            "start": {
              "line": 38,
              "column": 12
            },
            "end": {
              "line": 38,
              "column": 13
            }
          },
          "loc": {
            "start": {
              "line": 38,
              "column": 24
            },
            "end": {
              "line": 38,
              "column": 93
            }
          }
        },
        "5": {
          "name": "(anonymous_9)",
          "decl": {
            "start": {
              "line": 38,
              "column": 35
            },
            "end": {
              "line": 38,
              "column": 36
            }
          },
          "loc": {
            "start": {
              "line": 38,
              "column": 52
            },
            "end": {
              "line": 38,
              "column": 92
            }
          }
        },
        "6": {
          "name": "(anonymous_10)",
          "decl": {
            "start": {
              "line": 41,
              "column": 2
            },
            "end": {
              "line": 41,
              "column": 7
            }
          },
          "loc": {
            "start": {
              "line": 41,
              "column": 26
            },
            "end": {
              "line": 52,
              "column": 3
            }
          }
        }
      },
      "branchMap": {
        "0": {
          "loc": {
            "start": {
              "line": 44,
              "column": 22
            },
            "end": {
              "line": 44,
              "column": 26
            }
          },
          "type": "binary-expr",
          "locations": [
            {
              "start": {
                "line": 44,
                "column": 22
              },
              "end": {
                "line": 44,
                "column": 26
              }
            },
            {
              "start": {
                "line": 44,
                "column": 30
              },
              "end": {
                "line": 44,
                "column": 43
              }
            }
          ]
        },
        "1": {
          "loc": {
            "start": {
              "line": 46,
              "column": 4
            },
            "end": {
              "line": 49,
              "column": null
            }
          },
          "type": "if",
          "locations": [
            {
              "start": {
                "line": 46,
                "column": 4
              },
              "end": {
                "line": 49,
                "column": null
              }
            },
            {
              "start": {
                "line": 46,
                "column": 4
              },
              "end": {
                "line": 49,
                "column": null
              }
            }
          ]
        }
      },
      "s": {
        "0": 5,
        "1": 5,
        "2": 5,
        "3": 5,
        "4": 5,
        "5": 1,
        "6": 1,
        "7": 0,
        "8": 0,
        "9": 0,
        "10": 0,
        "11": 0,
        "12": 0,
        "13": 0,
        "14": 0,
        "15": 0,
        "16": 0,
        "17": 0,
        "18": 0,
        "19": 0,
        "20": 0,
        "21": 0,
        "22": 0,
        "23": 5,
        "24": 5
      },
      "f": {
        "0": 1,
        "1": 0,
        "2": 0,
        "3": 0,
        "4": 0,
        "5": 0,
        "6": 0
      },
      "b": {
        "0": [
          0,
          0
        ],
        "1": [
          0,
          0
        ]
      }
    },
    "/Users/nkalman/kibibit-new/achievibit/src/modules/repos/repos.service.ts": {
      "path": "/Users/nkalman/kibibit-new/achievibit/src/modules/repos/repos.service.ts",
      "statementMap": {
        "0": {
          "start": {
            "line": 1,
            "column": 0
          },
          "end": {
            "line": 1,
            "column": 52
          }
        },
        "1": {
          "start": {
            "line": 2,
            "column": 0
          },
          "end": {
            "line": 2,
            "column": 47
          }
        },
        "2": {
          "start": {
            "line": 3,
            "column": 0
          },
          "end": {
            "line": 3,
            "column": 33
          }
        },
        "3": {
          "start": {
            "line": 5,
            "column": 0
          },
          "end": {
            "line": 5,
            "column": 76
          }
        },
        "4": {
          "start": {
            "line": 8,
            "column": 0
          },
          "end": {
            "line": 34,
            "column": null
          }
        },
        "5": {
          "start": {
            "line": 11,
            "column": 61
          },
          "end": {
            "line": 11,
            "column": 72
          }
        },
        "6": {
          "start": {
            "line": 9,
            "column": 10
          },
          "end": {
            "line": 9,
            "column": 54
          }
        },
        "7": {
          "start": {
            "line": 14,
            "column": 24
          },
          "end": {
            "line": 14,
            "column": 66
          }
        },
        "8": {
          "start": {
            "line": 16,
            "column": 4
          },
          "end": {
            "line": 16,
            "column": 45
          }
        },
        "9": {
          "start": {
            "line": 20,
            "column": 4
          },
          "end": {
            "line": 21,
            "column": 74
          }
        },
        "10": {
          "start": {
            "line": 21,
            "column": 24
          },
          "end": {
            "line": 21,
            "column": 72
          }
        },
        "11": {
          "start": {
            "line": 21,
            "column": 45
          },
          "end": {
            "line": 21,
            "column": 71
          }
        },
[...]
            "start": {
              "line": 5,
              "column": 2
            },
            "end": {
              "line": 5,
              "column": null
            }
          },
          "loc": {
            "start": {
              "line": 8,
              "column": 52
            },
            "end": {
              "line": 9,
              "column": 7
            }
          }
        },
        "1": {
          "name": "(anonymous_1)",
          "decl": {
            "start": {
              "line": 11,
              "column": 2
            },
            "end": {
              "line": 11,
              "column": 7
            }
          },
          "loc": {
            "start": {
              "line": 11,
              "column": 58
            },
            "end": {
              "line": 29,
              "column": 3
            }
          }
        },
        "2": {
          "name": "(anonymous_2)",
          "decl": {
            "start": {
              "line": 31,
              "column": 2
            },
            "end": {
              "line": 31,
              "column": 7
            }
          },
          "loc": {
            "start": {
              "line": 31,
              "column": 63
            },
            "end": {
              "line": 113,
              "column": 3
            }
          }
        },
        "3": {
          "name": "(anonymous_3)",
          "decl": {
            "start": {
              "line": 115,
              "column": 2
            },
            "end": {
              "line": 115,
              "column": 7
            }
          },
          "loc": {
            "start": {
              "line": 115,
              "column": 62
            },
            "end": {
              "line": 128,
              "column": 3
            }
          }
        },
        "4": {
          "name": "(anonymous_4)",
          "decl": {
            "start": {
              "line": 129,
              "column": 2
            },
            "end": {
              "line": 129,
              "column": 7
            }
          },
          "loc": {
            "start": {
              "line": 129,
              "column": 66
            },
            "end": {
              "line": 135,
              "column": 3
            }
          }
        },
        "5": {
          "name": "(anonymous_5)",
          "decl": {
            "start": {
              "line": 136,
              "column": 2
            },
            "end": {
              "line": 136,
              "column": 7
            }
          },
          "loc": {
            "start": {
              "line": 136,
              "column": 74
            },
            "end": {
              "line": 148,
              "column": 3
            }
          }
        },
        "6": {
          "name": "(anonymous_6)",
          "decl": {
            "start": {
              "line": 149,
              "column": 2
            },
            "end": {
              "line": 149,
              "column": 7
            }
          },
          "loc": {
            "start": {
              "line": 149,
              "column": 70
            },
            "end": {
              "line": 160,
              "column": 3
            }
          }
        },
        "7": {
          "name": "(anonymous_7)",
          "decl": {
            "start": {
              "line": 161,
              "column": 2
            },
            "end": {
              "line": 161,
              "column": 7
            }
          },
          "loc": {
            "start": {
              "line": 161,
              "column": 72
            },
            "end": {
              "line": 172,
              "column": 3
            }
          }
        },
        "8": {
          "name": "(anonymous_8)",
          "decl": {
            "start": {
              "line": 173,
              "column": 2
            },
            "end": {
              "line": 173,
              "column": 7
            }
          },
          "loc": {
            "start": {
              "line": 173,
              "column": 66
            },
            "end": {
              "line": 196,
              "column": 3
            }
          }
        },
        "9": {
          "name": "(anonymous_9)",
          "decl": {
            "start": {
              "line": 197,
              "column": 2
            },
            "end": {
              "line": 197,
              "column": 32
            }
          },
          "loc": {
            "start": {
              "line": 197,
              "column": 67
            },
            "end": {
              "line": 199,
              "column": 3
            }
          }
        },
        "10": {
          "name": "(anonymous_10)",
          "decl": {
            "start": {
              "line": 200,
              "column": 2
            },
            "end": {
              "line": 200,
              "column": 34
            }
          },
          "loc": {
            "start": {
              "line": 200,
              "column": 69
            },
            "end": {
              "line": 202,
              "column": 3
            }
          }
        },
        "11": {
          "name": "(anonymous_11)",
          "decl": {
            "start": {
              "line": 203,
              "column": 2
            },
            "end": {
              "line": 203,
              "column": 37
            }
          },
          "loc": {
            "start": {
              "line": 203,
              "column": 72
            },
            "end": {
              "line": 205,
              "column": 3
            }
          }
        },
        "12": {
          "name": "(anonymous_12)",
          "decl": {
            "start": {
              "line": 206,
              "column": 2
            },
            "end": {
              "line": 206,
              "column": 39
            }
          },
          "loc": {
            "start": {
              "line": 206,
              "column": 74
            },
            "end": {
              "line": 208,
              "column": 3
            }
          }
        },
        "13": {
          "name": "(anonymous_13)",
          "decl": {
            "start": {
              "line": 209,
              "column": 2
            },
            "end": {
              "line": 209,
              "column": 37
            }
          },
          "loc": {
            "start": {
              "line": 209,
              "column": 72
            },
            "end": {
              "line": 211,
              "column": 3
            }
          }
        },
        "14": {
          "name": "(anonymous_14)",
          "decl": {
            "start": {
              "line": 212,
              "column": 2
            },
            "end": {
              "line": 212,
              "column": 39
            }
          },
          "loc": {
            "start": {
              "line": 212,
              "column": 74
            },
            "end": {
              "line": 214,
              "column": 3
            }
          }
        },
        "15": {
          "name": "(anonymous_15)",
          "decl": {
            "start": {
              "line": 215,
              "column": 2
            },
            "end": {
              "line": 215,
              "column": 38
            }
          },
          "loc": {
            "start": {
              "line": 215,
              "column": 73
            },
            "end": {
              "line": 217,
              "column": 3
            }
          }
        },
        "16": {
          "name": "(anonymous_16)",
          "decl": {
            "start": {
              "line": 218,
              "column": 2
            },
            "end": {
              "line": 218,
              "column": 34
            }
          },
          "loc": {
            "start": {
              "line": 218,
              "column": 69
            },
            "end": {
              "line": 220,
              "column": 3
            }
          }
        },
        "17": {
          "name": "(anonymous_17)",
          "decl": {
            "start": {
              "line": 221,
              "column": 2
            },
            "end": {
              "line": 221,
              "column": 25
            }
          },
          "loc": {
            "start": {
              "line": 221,
              "column": 60
            },
            "end": {
              "line": 223,
              "column": 3
            }
          }
        }
      },
      "branchMap": {
        "0": {
          "loc": {
            "start": {
              "line": 15,
              "column": 22
            },
            "end": {
              "line": 15,
              "column": 57
            }
          },
          "type": "binary-expr",
          "locations": [
            {
              "start": {
                "line": 15,
                "column": 22
              },
              "end": {
                "line": 15,
                "column": 57
              }
            },
            {
              "start": {
                "line": 15,
                "column": 61
              },
              "end": {
                "line": 15,
                "column": 72
              }
            }
          ]
        },
        "1": {
          "loc": {
            "start": {
              "line": 21,
              "column": 25
            },
            "end": {
              "line": 21,
              "column": 34
            }
          },
          "type": "binary-expr",
          "locations": [
            {
              "start": {
                "line": 21,
                "column": 25
              },
              "end": {
                "line": 21,
                "column": 34
              }
            },
            {
              "start": {
                "line": 21,
                "column": 38
              },
              "end": {
                "line": 21,
                "column": 86
              }
            }
          ]
        },
        "2": {
          "loc": {
            "start": {
              "line": 45,
              "column": 4
            },
            "end": {
              "line": 52,
              "column": null
            }
          },
          "type": "if",
          "locations": [
            {
              "start": {
                "line": 45,
                "column": 4
              },
              "end": {
                "line": 52,
                "column": null
              }
            },
            {
              "start": {
                "line": 45,
                "column": 4
              },
              "end": {
                "line": 52,
                "column": null
              }
            }
          ]
        },
        "3": {
          "loc": {
            "start": {
              "line": 59,
              "column": 8
            },
            "end": {
              "line": 59,
              "column": 40
            }
          },
          "type": "cond-expr",
          "locations": [
            {
              "start": {
                "line": 59,
                "column": 8
              },
              "end": {
                "line": 59,
                "column": 40
              }
            },
            {
              "start": {
                "line": 59,
                "column": 43
              },
              "end": {
                "line": 59,
                "column": 52
              }
            }
          ]
        },
        "4": {
          "loc": {
            "start": {
              "line": 78,
              "column": 20
            },
            "end": {
              "line": 78,
              "column": 32
            }
          },
          "type": "binary-expr",
          "locations": [
            {
              "start": {
                "line": 78,
                "column": 20
              },
              "end": {
                "line": 78,
                "column": 32
              }
            },
            {
              "start": {
                "line": 78,
                "column": 36
              },
              "end": {
                "line": 78,
                "column": 90
              }
            }
          ]
        },
        "5": {
          "loc": {
            "start": {
              "line": 81,
              "column": 4
            },
            "end": {
              "line": 85,
              "column": null
            }
          },
          "type": "if",
          "locations": [
            {
              "start": {
                "line": 81,
                "column": 4
              },
              "end": {
                "line": 85,
                "column": null
              }
            },
            {
              "start": {
                "line": 81,
                "column": 4
              },
              "end": {
                "line": 85,
                "column": null
              }
            }
          ]
        },
        "6": {
          "loc": {
            "start": {
              "line": 87,
              "column": 4
            },
            "end": {
              "line": 91,
              "column": null
            }
          },
          "type": "if",
          "locations": [
            {
              "start": {
                "line": 87,
                "column": 4
              },
              "end": {
                "line": 91,
                "column": null
              }
            },
            {
              "start": {
                "line": 87,
                "column": 4
              },
              "end": {
                "line": 91,
                "column": null
              }
            }
          ]
        },
        "7": {
          "loc": {
            "start": {
              "line": 93,
              "column": 4
            },
            "end": {
              "line": 97,
              "column": null
            }
          },
          "type": "if",
          "locations": [
            {
              "start": {
                "line": 93,
                "column": 4
              },
              "end": {
                "line": 97,
                "column": null
              }
            },
            {
              "start": {
                "line": 93,
                "column": 4
              },
              "end": {
                "line": 97,
                "column": null
              }
            }
          ]
        },
        "8": {
          "loc": {
            "start": {
              "line": 99,
              "column": 4
            },
            "end": {
              "line": 103,
              "column": null
            }
          },
          "type": "if",
          "locations": [
            {
              "start": {
                "line": 99,
                "column": 4
              },
              "end": {
                "line": 103,
                "column": null
              }
            },
            {
              "start": {
                "line": 99,
                "column": 4
              },
              "end": {
                "line": 103,
                "column": null
              }
            }
          ]
        },
        "9": {
          "loc": {
            "start": {
              "line": 122,
              "column": 8
            },
            "end": {
              "line": 122,
              "column": 40
            }
          },
          "type": "cond-expr",
          "locations": [
            {
              "start": {
                "line": 122,
                "column": 8
              },
              "end": {
                "line": 122,
                "column": 40
              }
            },
            {
              "start": {
                "line": 122,
                "column": 43
              },
              "end": {
                "line": 122,
                "column": 52
              }
            }
          ]
        },
        "10": {
          "loc": {
            "start": {
              "line": 177,
              "column": 4
            },
            "end": {
              "line": 182,
              "column": null
            }
          },
          "type": "if",
          "locations": [
            {
              "start": {
                "line": 177,
                "column": 4
              },
              "end": {
                "line": 182,
                "column": null
              }
            },
            {
              "start": {
                "line": 177,
                "column": 4
              },
              "end": {
                "line": 182,
                "column": null
              }
            }
          ]
        },
        "11": {
          "loc": {
            "start": {
              "line": 184,
              "column": 4
            },
            "end": {
              "line": 189,
              "column": null
            }
          },
          "type": "if",
          "locations": [
            {
              "start": {
                "line": 184,
                "column": 4
              },
              "end": {
                "line": 189,
                "column": null
              }
            },
            {
              "start": {
                "line": 184,
                "column": 4
              },
              "end": {
                "line": 189,
                "column": null
              }
            }
          ]
        }
      },
      "s": {
        "0": 4,
        "1": 16,
        "2": 16,
        "3": 16,
        "4": 0,
        "5": 0,
        "6": 0,
        "7": 0,
        "8": 0,
        "9": 0,
        "10": 0,
        "11": 0,
        "12": 0,
        "13": 0,
        "14": 0,
        "15": 0,
        "16": 0,
        "17": 0,
        "18": 0,
        "19": 0,
        "20": 0,
        "21": 0,
        "22": 0,
        "23": 0,
        "24": 0,
        "25": 0,
        "26": 0,
        "27": 0,
        "28": 0,
        "29": 0,
        "30": 0,
        "31": 0,
        "32": 0,
        "33": 0,
        "34": 0,
        "35": 0,
        "36": 0,
        "37": 0,
        "38": 0,
        "39": 0,
        "40": 0,
        "41": 0,
        "42": 0,
        "43": 0,
        "44": 0,
        "45": 0,
        "46": 0,
        "47": 0,
        "48": 0,
        "49": 0,
        "50": 0,
        "51": 0,
        "52": 0,
        "53": 0,
        "54": 0,
        "55": 0,
        "56": 0,
        "57": 0,
        "58": 0,
        "59": 0,
        "60": 0,
        "61": 0,
        "62": 0,
        "63": 0,
        "64": 0,
        "65": 0,
        "66": 0,
        "67": 0,
        "68": 0,
        "69": 0,
        "70": 0,
        "71": 0,
        "72": 0,
        "73": 0,
        "74": 0,
        "75": 4
      },
      "f": {
        "0": 16,
        "1": 0,
        "2": 0,
        "3": 0,
        "4": 0,
        "5": 0,
        "6": 0,
        "7": 0,
        "8": 0,
        "9": 0,
        "10": 0,
        "11": 0,
        "12": 0,
        "13": 0,
        "14": 0,
        "15": 0,
        "16": 0,
        "17": 0
      },
      "b": {
        "0": [
          0,
          0
        ],
        "1": [
          0,
          0
        ],
        "2": [
          0,
          0
        ],
        "3": [
          0,
          0
        ],
        "4": [
          0,
          0
        ],
        "5": [
          0,
          0
        ],
        "6": [
          0,
          0
        ],
        "7": [
          0,
          0
        ],
        "8": [
          0,
          0
        ],
        "9": [
          0,
          0
        ],
        "10": [
          0,
          0
        ],
        "11": [
          0,
          0
        ]
      }
    }
  }
}